=== treatment_s1337 launch 2026-04-25T06:38:45Z ===
[exp24] data cache ready train=13,262,831,920 val=42,266,034
{
  "ranked": [
    {
      "name": "exp24_cd_multiseed_telemetry_s42",
      "tokens_per_sec": 2163163.1948130457,
      "per_gpu_tokens_per_sec": 2163163.1948130457,
      "steps": 2468,
      "final_loss": 3.882473945617676,
      "peak_vram_mb": 54709.92138671875,
      "artifact_impact": "artifact_training_only",
      "submit_valid": true,
      "exp24_phase": "cd_multiseed",
      "exp24_mechanism": "fast_slow",
      "path": "/workspace/chaoscontrol/experiments/24_training_time_bundle/results/exp24_cd_multiseed_telemetry_s42.json"
    },
    {
      "name": "exp24_cd_multiseed_telemetry_s1337",
      "tokens_per_sec": 2162110.802442226,
      "per_gpu_tokens_per_sec": 2162110.802442226,
      "steps": 2468,
      "final_loss": 3.8813178539276123,
      "peak_vram_mb": 54709.90185546875,
      "artifact_impact": "artifact_training_only",
      "submit_valid": true,
      "exp24_phase": "cd_multiseed",
      "exp24_mechanism": "fast_slow",
      "path": "/workspace/chaoscontrol/experiments/24_training_time_bundle/results/exp24_cd_multiseed_telemetry_s1337.json"
    },
    {
      "name": "exp24_cd_multiseed_telemetry_s17",
      "tokens_per_sec": 2162015.8817492127,
      "per_gpu_tokens_per_sec": 2162015.8817492127,
      "steps": 2468,
      "final_loss": 3.8796377182006836,
      "peak_vram_mb": 54709.7734375,
      "artifact_impact": "artifact_training_only",
      "submit_valid": true,
      "exp24_phase": "cd_multiseed",
      "exp24_mechanism": "fast_slow",
      "path": "/workspace/chaoscontrol/experiments/24_training_time_bundle/results/exp24_cd_multiseed_telemetry_s17.json"
    },
    {
      "name": "exp24_cd_first_smoke_hl_long_s1337",
      "tokens_per_sec": 2161042.2855188823,
      "per_gpu_tokens_per_sec": 2161042.2855188823,
      "steps": 2468,
      "final_loss": 3.8854732513427734,
      "peak_vram_mb": 54709.64892578125,
      "artifact_impact": "artifact_training_only",
      "submit_valid": true,
      "exp24_phase": "cd_first_smoke",
      "exp24_mechanism": "fast_slow",
      "path": "/workspace/chaoscontrol/experiments/24_training_time_bundle/results/exp24_cd_first_smoke_hl_long_s1337.json"
    },
    {
      "name": "exp24_cd_first_smoke_budget_only_s1337",
      "tokens_per_sec": 2161006.75234559,
      "per_gpu_tokens_per_sec": 2161006.75234559,
      "steps": 2468,
      "final_loss": 3.879952907562256,
      "peak_vram_mb": 54709.8994140625,
      "artifact_impact": "artifact_training_only",
      "submit_valid": true,
      "exp24_phase": "cd_first_smoke",
      "exp24_mechanism": "fast_slow",
      "path": "/workspace/chaoscontrol/experiments/24_training_time_bundle/results/exp24_cd_first_smoke_budget_only_s1337.json"
    },
    {
      "name": "exp24_cd_multiseed_treatment_s1234",
      "tokens_per_sec": 2160970.8436475606,
      "per_gpu_tokens_per_sec": 2160970.8436475606,
      "steps": 2468,
      "final_loss": 3.884674072265625,
      "peak_vram_mb": 54709.8271484375,
      "artifact_impact": "artifact_training_only",
      "submit_valid": true,
      "exp24_phase": "cd_multiseed",
      "exp24_mechanism": "fast_slow",
      "path": "/workspace/chaoscontrol/experiments/24_training_time_bundle/results/exp24_cd_multiseed_treatment_s1234.json"
    },
    {
      "name": "exp24_cd_multiseed_budget_only_s42",
      "tokens_per_sec": 2159993.8820712506,
      "per_gpu_tokens_per_sec": 2159993.8820712506,
      "steps": 2464,
      "final_loss": 3.9546360969543457,
      "peak_vram_mb": 54709.76318359375,
      "artifact_impact": "artifact_training_only",
      "submit_valid": true,
      "exp24_phase": "cd_multiseed",
      "exp24_mechanism": "fast_slow",
      "path": "/workspace/chaoscontrol/experiments/24_training_time_bundle/results/exp24_cd_multiseed_budget_only_s42.json"
    },
    {
      "name": "exp24_cd_multiseed_treatment_s17",
      "tokens_per_sec": 2159887.770209511,
      "per_gpu_tokens_per_sec": 2159887.770209511,
      "steps": 2464,
      "final_loss": 3.960416555404663,
      "peak_vram_mb": 54709.90283203125,
      "artifact_impact": "artifact_training_only",
      "submit_valid": true,
      "exp24_phase": "cd_multiseed",
      "exp24_mechanism": "fast_slow",
      "path": "/workspace/chaoscontrol/experiments/24_training_time_bundle/results/exp24_cd_multiseed_treatment_s17.json"
    },
    {
      "name": "exp24_cd_multiseed_telemetry_s1234",
      "tokens_per_sec": 2159055.074358678,
      "per_gpu_tokens_per_sec": 2159055.074358678,
      "steps": 2464,
      "final_loss": 3.9615957736968994,
      "peak_vram_mb": 54709.71923828125,
      "artifact_impact": "artifact_training_only",
      "submit_valid": true,
      "exp24_phase": "cd_multiseed",
      "exp24_mechanism": "fast_slow",
      "path": "/workspace/chaoscontrol/experiments/24_training_time_bundle/results/exp24_cd_multiseed_telemetry_s1234.json"
    },
    {
      "name": "exp24_cd_first_smoke_H_long_s1337",
      "tokens_per_sec": 2158979.9588630153,
      "per_gpu_tokens_per_sec": 2158979.9588630153,
      "steps": 2464,
      "final_loss": 3.956876277923584,
      "peak_vram_mb": 54709.87060546875,
      "artifact_impact": "artifact_training_only",
      "submit_valid": true,
      "exp24_phase": "cd_first_smoke",
      "exp24_mechanism": "fast_slow",
      "path": "/workspace/chaoscontrol/experiments/24_training_time_bundle/results/exp24_cd_first_smoke_H_long_s1337.json"
    },
    {
      "name": "exp24_cd_multiseed_budget_only_s17",
      "tokens_per_sec": 2158957.0289020054,
      "per_gpu_tokens_per_sec": 2158957.0289020054,
      "steps": 2464,
      "final_loss": 3.9590444564819336,
      "peak_vram_mb": 54709.71435546875,
      "artifact_impact": "artifact_training_only",
      "submit_valid": true,
      "exp24_phase": "cd_multiseed",
      "exp24_mechanism": "fast_slow",
      "path": "/workspace/chaoscontrol/experiments/24_training_time_bundle/results/exp24_cd_multiseed_budget_only_s17.json"
    },
    {
      "name": "exp24_cd_multiseed_H_short_s2024",
      "tokens_per_sec": 2158751.302090054,
      "per_gpu_tokens_per_sec": 2158751.302090054,
      "steps": 2464,
      "final_loss": 3.961686611175537,
      "peak_vram_mb": 54709.5517578125,
      "artifact_impact": "artifact_training_only",
      "submit_valid": true,
      "exp24_phase": "cd_multiseed",
      "exp24_mechanism": "fast_slow",
      "path": "/workspace/chaoscontrol/experiments/24_training_time_bundle/results/exp24_cd_multiseed_H_short_s2024.json"
    },
    {
      "name": "exp24_cd_multiseed_H_short_s1234",
      "tokens_per_sec": 2158269.7580267997,
      "per_gpu_tokens_per_sec": 2158269.7580267997,
      "steps": 2464,
      "final_loss": 3.9612231254577637,
      "peak_vram_mb": 54709.27587890625,
      "artifact_impact": "artifact_training_only",
      "submit_valid": true,
      "exp24_phase": "cd_multiseed",
      "exp24_mechanism": "fast_slow",
      "path": "/workspace/chaoscontrol/experiments/24_training_time_bundle/results/exp24_cd_multiseed_H_short_s1234.json"
    },
    {
      "name": "exp24_cd_multiseed_treatment_s42",
      "tokens_per_sec": 2158147.249114539,
      "per_gpu_tokens_per_sec": 2158147.249114539,
      "steps": 2464,
      "final_loss": 3.9540462493896484,
      "peak_vram_mb": 54709.8798828125,
      "artifact_impact": "artifact_training_only",
      "submit_valid": true,
      "exp24_phase": "cd_multiseed",
      "exp24_mechanism": "fast_slow",
      "path": "/workspace/chaoscontrol/experiments/24_training_time_bundle/results/exp24_cd_multiseed_treatment_s42.json"
    },
    {
      "name": "exp24_cd_multiseed_shuffled_s2024",
      "tokens_per_sec": 2157796.184712399,
      "per_gpu_tokens_per_sec": 2157796.184712399,
      "steps": 2464,
      "final_loss": 3.9579946994781494,
      "peak_vram_mb": 54709.90234375,
      "artifact_impact": "artifact_training_only",
      "submit_valid": true,
      "exp24_phase": "cd_multiseed",
      "exp24_mechanism": "fast_slow",
      "path": "/workspace/chaoscontrol/experiments/24_training_time_bundle/results/exp24_cd_multiseed_shuffled_s2024.json"
    },
    {
      "name": "exp24_cd_multiseed_shuffled_s1234",
      "tokens_per_sec": 2157438.655389706,
      "per_gpu_tokens_per_sec": 2157438.655389706,
      "steps": 2464,
      "final_loss": 3.959242820739746,
      "peak_vram_mb": 54709.91357421875,
      "artifact_impact": "artifact_training_only",
      "submit_valid": true,
      "exp24_phase": "cd_multiseed",
      "exp24_mechanism": "fast_slow",
      "path": "/workspace/chaoscontrol/experiments/24_training_time_bundle/results/exp24_cd_multiseed_shuffled_s1234.json"
    },
    {
      "name": "exp24_cd_first_smoke_shuffled_s1337",
      "tokens_per_sec": 2156990.206367253,
      "per_gpu_tokens_per_sec": 2156990.206367253,
      "steps": 2464,
      "final_loss": 3.95841908454895,
      "peak_vram_mb": 54709.8076171875,
      "artifact_impact": "artifact_training_only",
      "submit_valid": true,
      "exp24_phase": "cd_first_smoke",
      "exp24_mechanism": "fast_slow",
      "path": "/workspace/chaoscontrol/experiments/24_training_time_bundle/results/exp24_cd_first_smoke_shuffled_s1337.json"
    },
    {
      "name": "exp24_cd_first_smoke_hl_short_s1337",
      "tokens_per_sec": 2156297.0671052537,
      "per_gpu_tokens_per_sec": 2156297.0671052537,
      "steps": 2460,
      "final_loss": 3.8902804851531982,
      "peak_vram_mb": 54709.51806640625,
      "artifact_impact": "artifact_training_only",
      "submit_valid": true,
      "exp24_phase": "cd_first_smoke",
      "exp24_mechanism": "fast_slow",
      "path": "/workspace/chaoscontrol/experiments/24_training_time_bundle/results/exp24_cd_first_smoke_hl_short_s1337.json"
    },
    {
      "name": "exp24_cd_multiseed_shuffled_s17",
      "tokens_per_sec": 2156231.8039240916,
      "per_gpu_tokens_per_sec": 2156231.8039240916,
      "steps": 2460,
      "final_loss": 3.892090320587158,
      "peak_vram_mb": 54709.8798828125,
      "artifact_impact": "artifact_training_only",
      "submit_valid": true,
      "exp24_phase": "cd_multiseed",
      "exp24_mechanism": "fast_slow",
      "path": "/workspace/chaoscontrol/experiments/24_training_time_bundle/results/exp24_cd_multiseed_shuffled_s17.json"
    },
    {
      "name": "exp24_cd_first_smoke_H_short_s1337",
      "tokens_per_sec": 2155771.0556436535,
      "per_gpu_tokens_per_sec": 2155771.0556436535,
      "steps": 2460,
      "final_loss": 3.8872952461242676,
      "peak_vram_mb": 54709.7802734375,
      "artifact_impact": "artifact_training_only",
      "submit_valid": true,
      "exp24_phase": "cd_first_smoke",
      "exp24_mechanism": "fast_slow",
      "path": "/workspace/chaoscontrol/experiments/24_training_time_bundle/results/exp24_cd_first_smoke_H_short_s1337.json"
    },
    {
      "name": "exp24_cd_multiseed_budget_only_s2024",
      "tokens_per_sec": 2155502.2155419383,
      "per_gpu_tokens_per_sec": 2155502.2155419383,
      "steps": 2460,
      "final_loss": 3.891927719116211,
      "peak_vram_mb": 54709.82080078125,
      "artifact_impact": "artifact_training_only",
      "submit_valid": true,
      "exp24_phase": "cd_multiseed",
      "exp24_mechanism": "fast_slow",
      "path": "/workspace/chaoscontrol/experiments/24_training_time_bundle/results/exp24_cd_multiseed_budget_only_s2024.json"
    },
    {
      "name": "exp24_cd_multiseed_budget_only_s1234",
      "tokens_per_sec": 2155408.79361156,
      "per_gpu_tokens_per_sec": 2155408.79361156,
      "steps": 2460,
      "final_loss": 3.8934922218322754,
      "peak_vram_mb": 54709.8837890625,
      "artifact_impact": "artifact_training_only",
      "submit_valid": true,
      "exp24_phase": "cd_multiseed",
      "exp24_mechanism": "fast_slow",
      "path": "/workspace/chaoscontrol/experiments/24_training_time_bundle/results/exp24_cd_multiseed_budget_only_s1234.json"
    },
    {
      "name": "exp24_cd_multiseed_treatment_s2024",
      "tokens_per_sec": 2154692.7096951166,
      "per_gpu_tokens_per_sec": 2154692.7096951166,
      "steps": 2460,
      "final_loss": 3.8896961212158203,
      "peak_vram_mb": 54709.9130859375,
      "artifact_impact": "artifact_training_only",
      "submit_valid": true,
      "exp24_phase": "cd_multiseed",
      "exp24_mechanism": "fast_slow",
      "path": "/workspace/chaoscontrol/experiments/24_training_time_bundle/results/exp24_cd_multiseed_treatment_s2024.json"
    },
    {
      "name": "exp24_cd_multiseed_treatment_s1337",
      "tokens_per_sec": 2154451.243011399,
      "per_gpu_tokens_per_sec": 2154451.243011399,
      "steps": 2460,
      "final_loss": 3.8883984088897705,
      "peak_vram_mb": 54709.900390625,
      "artifact_impact": "artifact_training_only",
      "submit_valid": true,
      "exp24_phase": "cd_multiseed",
      "exp24_mechanism": "fast_slow",
      "path": "/workspace/chaoscontrol/experiments/24_training_time_bundle/results/exp24_cd_multiseed_treatment_s1337.json"
    },
    {
      "name": "exp24_cd_multiseed_shuffled_s1337",
      "tokens_per_sec": 2154327.945053604,
      "per_gpu_tokens_per_sec": 2154327.945053604,
      "steps": 2460,
      "final_loss": 3.887953281402588,
      "peak_vram_mb": 54709.90869140625,
      "artifact_impact": "artifact_training_only",
      "submit_valid": true,
      "exp24_phase": "cd_multiseed",
      "exp24_mechanism": "fast_slow",
      "path": "/workspace/chaoscontrol/experiments/24_training_time_bundle/results/exp24_cd_multiseed_shuffled_s1337.json"
    },
    {
      "name": "exp24_cd_multiseed_telemetry_s2024",
      "tokens_per_sec": 2154093.404745778,
      "per_gpu_tokens_per_sec": 2154093.404745778,
      "steps": 2460,
      "final_loss": 3.891080141067505,
      "peak_vram_mb": 54709.80419921875,
      "artifact_impact": "artifact_training_only",
      "submit_valid": true,
      "exp24_phase": "cd_multiseed",
      "exp24_mechanism": "fast_slow",
      "path": "/workspace/chaoscontrol/experiments/24_training_time_bundle/results/exp24_cd_multiseed_telemetry_s2024.json"
    },
    {
      "name": "exp24_cd_multiseed_H_short_s42",
      "tokens_per_sec": 2153878.7129641445,
      "per_gpu_tokens_per_sec": 2153878.7129641445,
      "steps": 2460,
      "final_loss": 3.8859660625457764,
      "peak_vram_mb": 54709.4384765625,
      "artifact_impact": "artifact_training_only",
      "submit_valid": true,
      "exp24_phase": "cd_multiseed",
      "exp24_mechanism": "fast_slow",
      "path": "/workspace/chaoscontrol/experiments/24_training_time_bundle/results/exp24_cd_multiseed_H_short_s42.json"
    },
    {
      "name": "exp24_cd_multiseed_budget_only_s1337",
      "tokens_per_sec": 2153709.5914532184,
      "per_gpu_tokens_per_sec": 2153709.5914532184,
      "steps": 2460,
      "final_loss": 3.887040138244629,
      "peak_vram_mb": 54709.86962890625,
      "artifact_impact": "artifact_training_only",
      "submit_valid": true,
      "exp24_phase": "cd_multiseed",
      "exp24_mechanism": "fast_slow",
      "path": "/workspace/chaoscontrol/experiments/24_training_time_bundle/results/exp24_cd_multiseed_budget_only_s1337.json"
    },
    {
      "name": "exp24_cd_multiseed_H_short_s17",
      "tokens_per_sec": 2153650.2358266083,
      "per_gpu_tokens_per_sec": 2153650.2358266083,
      "steps": 2460,
      "final_loss": 3.8886828422546387,
      "peak_vram_mb": 54709.8916015625,
      "artifact_impact": "artifact_training_only",
      "submit_valid": true,
      "exp24_phase": "cd_multiseed",
      "exp24_mechanism": "fast_slow",
      "path": "/workspace/chaoscontrol/experiments/24_training_time_bundle/results/exp24_cd_multiseed_H_short_s17.json"
    },
    {
      "name": "exp24_cd_multiseed_shuffled_s42",
      "tokens_per_sec": 2153338.729139911,
      "per_gpu_tokens_per_sec": 2153338.729139911,
      "steps": 2460,
      "final_loss": 3.890416145324707,
      "peak_vram_mb": 54709.90966796875,
      "artifact_impact": "artifact_training_only",
      "submit_valid": true,
      "exp24_phase": "cd_multiseed",
      "exp24_mechanism": "fast_slow",
      "path": "/workspace/chaoscontrol/experiments/24_training_time_bundle/results/exp24_cd_multiseed_shuffled_s42.json"
    },
    {
      "name": "exp24_cd_multiseed_H_short_s1337",
      "tokens_per_sec": 2153004.2474249946,
      "per_gpu_tokens_per_sec": 2153004.2474249946,
      "steps": 2456,
      "final_loss": 3.830090045928955,
      "peak_vram_mb": 54709.876953125,
      "artifact_impact": "artifact_training_only",
      "submit_valid": true,
      "exp24_phase": "cd_multiseed",
      "exp24_mechanism": "fast_slow",
      "path": "/workspace/chaoscontrol/experiments/24_training_time_bundle/results/exp24_cd_multiseed_H_short_s1337.json"
    },
    {
      "name": "exp24_cd_first_smoke_treatment_s1337",
      "tokens_per_sec": 2152363.590155198,
      "per_gpu_tokens_per_sec": 2152363.590155198,
      "steps": 2456,
      "final_loss": 3.8328800201416016,
      "peak_vram_mb": 54709.77392578125,
      "artifact_impact": "artifact_training_only",
      "submit_valid": true,
      "exp24_phase": "cd_first_smoke",
      "exp24_mechanism": "fast_slow",
      "path": "/workspace/chaoscontrol/experiments/24_training_time_bundle/results/exp24_cd_first_smoke_treatment_s1337.json"
    },
    {
      "name": "exp24_cd_first_smoke_telemetry_s1337",
      "tokens_per_sec": 2150183.5620350293,
      "per_gpu_tokens_per_sec": 2150183.5620350293,
      "steps": 2456,
      "final_loss": 3.8311283588409424,
      "peak_vram_mb": 54709.72998046875,
      "artifact_impact": "artifact_training_only",
      "submit_valid": true,
      "exp24_phase": "cd_first_smoke",
      "exp24_mechanism": "fast_slow",
      "path": "/workspace/chaoscontrol/experiments/24_training_time_bundle/results/exp24_cd_first_smoke_telemetry_s1337.json"
    }
  ],
  "errors": [],
  "commands": []
}
=== exit rc=0 2026-04-25T06:50:14Z ===
