[build_sp_shards] start: vocab_size=8192 sp_seed=1337 num_workers=224 docs_path=/workspace/chaoscontrol/baselines/parameter_golf/docs_selected.jsonl output_dir=/workspace/chaoscontrol/baselines/parameter_golf/datasets/fineweb10B_sp8192 tokenizer_dir=/workspace/chaoscontrol/baselines/parameter_golf/tokenizers dry_run=False skip_train=True skip_tokenize=False force=False
[build_sp_shards] Tokenizing 15368808 docs with 224 worker(s), shard_size=100,000,000 ...
[build_sp_shards] 100,096/15,368,808 docs (5,627 docs/s, eta=2,714s, shard_val=0, shard_train=0)
[build_sp_shards] 200,192/15,368,808 docs (4,569 docs/s, eta=3,320s, shard_val=0, shard_train=1)
[build_sp_shards] 300,032/15,368,808 docs (5,620 docs/s, eta=2,681s, shard_val=0, shard_train=1)
[build_sp_shards] 400,128/15,368,808 docs (4,420 docs/s, eta=3,386s, shard_val=0, shard_train=2)
[build_sp_shards] 500,224/15,368,808 docs (3,931 docs/s, eta=3,782s, shard_val=0, shard_train=3)
[build_sp_shards] 600,064/15,368,808 docs (3,759 docs/s, eta=3,929s, shard_val=0, shard_train=4)
[build_sp_shards] 700,160/15,368,808 docs (3,660 docs/s, eta=4,008s, shard_val=0, shard_train=5)
[build_sp_shards] 800,000/15,368,808 docs (3,574 docs/s, eta=4,076s, shard_val=0, shard_train=6)
[build_sp_shards] 900,096/15,368,808 docs (3,836 docs/s, eta=3,771s, shard_val=0, shard_train=6)
[build_sp_shards] 1,000,192/15,368,808 docs (3,756 docs/s, eta=3,826s, shard_val=0, shard_train=7)
[build_sp_shards] 1,100,032/15,368,808 docs (3,773 docs/s, eta=3,781s, shard_val=0, shard_train=8)
[build_sp_shards] 1,200,128/15,368,808 docs (3,888 docs/s, eta=3,644s, shard_val=0, shard_train=9)
[build_sp_shards] 1,300,224/15,368,808 docs (4,060 docs/s, eta=3,465s, shard_val=0, shard_train=10)
[build_sp_shards] 1,400,064/15,368,808 docs (4,260 docs/s, eta=3,279s, shard_val=0, shard_train=10)
[build_sp_shards] 1,500,160/15,368,808 docs (4,406 docs/s, eta=3,148s, shard_val=0, shard_train=11)
[build_sp_shards] 1,600,000/15,368,808 docs (4,563 docs/s, eta=3,017s, shard_val=0, shard_train=12)
[build_sp_shards] 1,700,096/15,368,808 docs (4,679 docs/s, eta=2,922s, shard_val=0, shard_train=13)
[build_sp_shards] 1,800,192/15,368,808 docs (4,807 docs/s, eta=2,823s, shard_val=0, shard_train=14)
[build_sp_shards] 1,900,032/15,368,808 docs (4,953 docs/s, eta=2,720s, shard_val=0, shard_train=14)
[build_sp_shards] 2,000,128/15,368,808 docs (5,077 docs/s, eta=2,633s, shard_val=0, shard_train=15)
[build_sp_shards] 2,100,224/15,368,808 docs (5,163 docs/s, eta=2,570s, shard_val=0, shard_train=16)
[build_sp_shards] 2,200,064/15,368,808 docs (5,264 docs/s, eta=2,502s, shard_val=0, shard_train=17)
[build_sp_shards] 2,300,160/15,368,808 docs (5,308 docs/s, eta=2,462s, shard_val=0, shard_train=18)
[build_sp_shards] 2,400,000/15,368,808 docs (5,423 docs/s, eta=2,392s, shard_val=0, shard_train=18)
[build_sp_shards] 2,500,096/15,368,808 docs (5,507 docs/s, eta=2,337s, shard_val=0, shard_train=19)
[build_sp_shards] 2,600,192/15,368,808 docs (5,599 docs/s, eta=2,281s, shard_val=0, shard_train=20)
[build_sp_shards] 2,700,032/15,368,808 docs (5,690 docs/s, eta=2,226s, shard_val=0, shard_train=21)
[build_sp_shards] 2,800,128/15,368,808 docs (5,769 docs/s, eta=2,178s, shard_val=0, shard_train=22)
[build_sp_shards] 2,900,224/15,368,808 docs (5,900 docs/s, eta=2,113s, shard_val=0, shard_train=22)
[build_sp_shards] 3,000,064/15,368,808 docs (5,970 docs/s, eta=2,072s, shard_val=0, shard_train=23)
[build_sp_shards] 3,100,160/15,368,808 docs (6,037 docs/s, eta=2,032s, shard_val=0, shard_train=24)
[build_sp_shards] 3,200,000/15,368,808 docs (6,079 docs/s, eta=2,002s, shard_val=0, shard_train=25)
[build_sp_shards] 3,300,096/15,368,808 docs (6,094 docs/s, eta=1,980s, shard_val=0, shard_train=26)
[build_sp_shards] 3,500,032/15,368,808 docs (6,277 docs/s, eta=1,891s, shard_val=0, shard_train=27)
[build_sp_shards] 3,600,128/15,368,808 docs (6,287 docs/s, eta=1,872s, shard_val=0, shard_train=28)
[build_sp_shards] 3,700,224/15,368,808 docs (6,362 docs/s, eta=1,834s, shard_val=0, shard_train=29)
[build_sp_shards] 3,800,064/15,368,808 docs (6,425 docs/s, eta=1,801s, shard_val=0, shard_train=30)
[build_sp_shards] 3,900,160/15,368,808 docs (6,519 docs/s, eta=1,759s, shard_val=0, shard_train=30)
[build_sp_shards] 4,000,000/15,368,808 docs (6,481 docs/s, eta=1,754s, shard_val=0, shard_train=31)
[build_sp_shards] 4,100,096/15,368,808 docs (6,411 docs/s, eta=1,758s, shard_val=0, shard_train=32)
[build_sp_shards] 4,200,192/15,368,808 docs (6,214 docs/s, eta=1,797s, shard_val=0, shard_train=33)
[build_sp_shards] 4,300,032/15,368,808 docs (6,121 docs/s, eta=1,808s, shard_val=0, shard_train=34)
[build_sp_shards] 4,400,128/15,368,808 docs (6,075 docs/s, eta=1,806s, shard_val=0, shard_train=35)
[build_sp_shards] 4,500,224/15,368,808 docs (6,163 docs/s, eta=1,764s, shard_val=0, shard_train=35)
[build_sp_shards] 4,600,064/15,368,808 docs (6,130 docs/s, eta=1,757s, shard_val=0, shard_train=36)
[build_sp_shards] 4,700,160/15,368,808 docs (6,072 docs/s, eta=1,757s, shard_val=0, shard_train=37)
[build_sp_shards] 4,800,000/15,368,808 docs (6,005 docs/s, eta=1,760s, shard_val=0, shard_train=38)
[build_sp_shards] 4,900,096/15,368,808 docs (5,859 docs/s, eta=1,787s, shard_val=0, shard_train=39)
[build_sp_shards] 5,100,032/15,368,808 docs (5,978 docs/s, eta=1,718s, shard_val=0, shard_train=40)
[build_sp_shards] 5,200,128/15,368,808 docs (6,008 docs/s, eta=1,693s, shard_val=0, shard_train=41)
[build_sp_shards] 5,300,224/15,368,808 docs (6,042 docs/s, eta=1,667s, shard_val=0, shard_train=42)
[build_sp_shards] 5,400,064/15,368,808 docs (6,087 docs/s, eta=1,638s, shard_val=0, shard_train=43)
[build_sp_shards] 5,500,160/15,368,808 docs (6,152 docs/s, eta=1,604s, shard_val=0, shard_train=43)
[build_sp_shards] 5,600,000/15,368,808 docs (6,182 docs/s, eta=1,580s, shard_val=0, shard_train=44)
[build_sp_shards] 5,700,096/15,368,808 docs (6,220 docs/s, eta=1,554s, shard_val=0, shard_train=45)
[build_sp_shards] 5,800,192/15,368,808 docs (6,264 docs/s, eta=1,528s, shard_val=0, shard_train=46)
[build_sp_shards] 5,900,032/15,368,808 docs (6,269 docs/s, eta=1,510s, shard_val=0, shard_train=47)
[build_sp_shards] 6,000,128/15,368,808 docs (6,329 docs/s, eta=1,480s, shard_val=0, shard_train=47)
[build_sp_shards] 6,100,224/15,368,808 docs (6,369 docs/s, eta=1,455s, shard_val=0, shard_train=48)
[build_sp_shards] 6,200,064/15,368,808 docs (6,377 docs/s, eta=1,438s, shard_val=0, shard_train=49)
[build_sp_shards] 6,300,160/15,368,808 docs (6,411 docs/s, eta=1,415s, shard_val=0, shard_train=50)
[build_sp_shards] 6,400,000/15,368,808 docs (6,441 docs/s, eta=1,393s, shard_val=0, shard_train=51)
[build_sp_shards] 6,500,096/15,368,808 docs (6,491 docs/s, eta=1,366s, shard_val=0, shard_train=51)
[build_sp_shards] 6,600,192/15,368,808 docs (6,521 docs/s, eta=1,345s, shard_val=0, shard_train=52)
[build_sp_shards] 6,700,032/15,368,808 docs (6,524 docs/s, eta=1,329s, shard_val=0, shard_train=53)
[build_sp_shards] 6,800,128/15,368,808 docs (6,561 docs/s, eta=1,306s, shard_val=0, shard_train=54)
[build_sp_shards] 6,900,224/15,368,808 docs (6,579 docs/s, eta=1,287s, shard_val=0, shard_train=55)
[build_sp_shards] 7,000,064/15,368,808 docs (6,635 docs/s, eta=1,261s, shard_val=0, shard_train=55)
[build_sp_shards] 7,100,160/15,368,808 docs (6,646 docs/s, eta=1,244s, shard_val=0, shard_train=56)
[build_sp_shards] 7,200,000/15,368,808 docs (6,681 docs/s, eta=1,223s, shard_val=0, shard_train=57)
[build_sp_shards] 7,300,096/15,368,808 docs (6,708 docs/s, eta=1,203s, shard_val=0, shard_train=58)
[build_sp_shards] 7,400,192/15,368,808 docs (6,737 docs/s, eta=1,183s, shard_val=0, shard_train=59)
[build_sp_shards] 7,500,032/15,368,808 docs (6,749 docs/s, eta=1,166s, shard_val=0, shard_train=60)
[build_sp_shards] 7,600,128/15,368,808 docs (6,789 docs/s, eta=1,144s, shard_val=0, shard_train=60)
[build_sp_shards] 7,700,224/15,368,808 docs (6,813 docs/s, eta=1,126s, shard_val=0, shard_train=61)
[build_sp_shards] 7,800,064/15,368,808 docs (6,825 docs/s, eta=1,109s, shard_val=0, shard_train=62)
[build_sp_shards] 7,900,160/15,368,808 docs (6,848 docs/s, eta=1,091s, shard_val=0, shard_train=63)
[build_sp_shards] 8,000,000/15,368,808 docs (6,869 docs/s, eta=1,073s, shard_val=0, shard_train=64)
[build_sp_shards] 8,100,096/15,368,808 docs (6,880 docs/s, eta=1,057s, shard_val=0, shard_train=64)
[build_sp_shards] 8,200,192/15,368,808 docs (6,904 docs/s, eta=1,038s, shard_val=0, shard_train=65)
[build_sp_shards] 8,300,032/15,368,808 docs (6,916 docs/s, eta=1,022s, shard_val=0, shard_train=66)
[build_sp_shards] 8,400,128/15,368,808 docs (6,925 docs/s, eta=1,006s, shard_val=0, shard_train=67)
[build_sp_shards] 8,500,224/15,368,808 docs (6,965 docs/s, eta=986s, shard_val=0, shard_train=68)
[build_sp_shards] 8,600,064/15,368,808 docs (6,984 docs/s, eta=969s, shard_val=0, shard_train=68)
[build_sp_shards] 8,700,160/15,368,808 docs (7,008 docs/s, eta=952s, shard_val=0, shard_train=69)
[build_sp_shards] 8,800,000/15,368,808 docs (7,021 docs/s, eta=936s, shard_val=0, shard_train=70)
[build_sp_shards] 8,900,096/15,368,808 docs (7,000 docs/s, eta=924s, shard_val=0, shard_train=71)
[build_sp_shards] 9,000,192/15,368,808 docs (7,029 docs/s, eta=906s, shard_val=0, shard_train=72)
[build_sp_shards] 9,100,032/15,368,808 docs (7,051 docs/s, eta=889s, shard_val=0, shard_train=72)
[build_sp_shards] 9,200,128/15,368,808 docs (7,069 docs/s, eta=873s, shard_val=0, shard_train=73)
[build_sp_shards] 9,300,224/15,368,808 docs (7,083 docs/s, eta=857s, shard_val=0, shard_train=74)
[build_sp_shards] 9,400,064/15,368,808 docs (7,091 docs/s, eta=842s, shard_val=0, shard_train=75)
[build_sp_shards] 9,500,160/15,368,808 docs (7,074 docs/s, eta=830s, shard_val=0, shard_train=76)
[build_sp_shards] 9,600,000/15,368,808 docs (7,122 docs/s, eta=810s, shard_val=0, shard_train=76)
[build_sp_shards] 9,700,096/15,368,808 docs (7,130 docs/s, eta=795s, shard_val=0, shard_train=77)
[build_sp_shards] 9,800,192/15,368,808 docs (7,147 docs/s, eta=779s, shard_val=0, shard_train=78)
[build_sp_shards] 9,900,032/15,368,808 docs (7,143 docs/s, eta=766s, shard_val=0, shard_train=79)
[build_sp_shards] 10,000,128/15,368,808 docs (7,167 docs/s, eta=749s, shard_val=0, shard_train=80)
[build_sp_shards] 10,100,224/15,368,808 docs (7,196 docs/s, eta=732s, shard_val=0, shard_train=80)
[build_sp_shards] 10,200,064/15,368,808 docs (7,213 docs/s, eta=717s, shard_val=0, shard_train=81)
[build_sp_shards] 10,300,160/15,368,808 docs (7,220 docs/s, eta=702s, shard_val=0, shard_train=82)
[build_sp_shards] 10,400,000/15,368,808 docs (7,239 docs/s, eta=686s, shard_val=0, shard_train=83)
[build_sp_shards] 10,500,096/15,368,808 docs (7,251 docs/s, eta=671s, shard_val=0, shard_train=84)
[build_sp_shards] 10,600,192/15,368,808 docs (7,267 docs/s, eta=656s, shard_val=0, shard_train=84)
[build_sp_shards] 10,700,032/15,368,808 docs (7,280 docs/s, eta=641s, shard_val=0, shard_train=85)
[build_sp_shards] 10,800,128/15,368,808 docs (7,293 docs/s, eta=626s, shard_val=0, shard_train=86)
[build_sp_shards] 10,900,224/15,368,808 docs (7,296 docs/s, eta=612s, shard_val=0, shard_train=87)
[build_sp_shards] 11,000,064/15,368,808 docs (7,299 docs/s, eta=599s, shard_val=0, shard_train=88)
[build_sp_shards] 11,100,160/15,368,808 docs (7,308 docs/s, eta=584s, shard_val=0, shard_train=89)
[build_sp_shards] 11,200,000/15,368,808 docs (7,341 docs/s, eta=568s, shard_val=0, shard_train=89)
[build_sp_shards] 11,300,096/15,368,808 docs (7,345 docs/s, eta=554s, shard_val=0, shard_train=90)
[build_sp_shards] 11,400,192/15,368,808 docs (7,351 docs/s, eta=540s, shard_val=0, shard_train=91)
[build_sp_shards] 11,500,032/15,368,808 docs (7,346 docs/s, eta=527s, shard_val=0, shard_train=92)
[build_sp_shards] 11,600,128/15,368,808 docs (7,364 docs/s, eta=512s, shard_val=0, shard_train=93)
[build_sp_shards] 11,700,224/15,368,808 docs (7,385 docs/s, eta=497s, shard_val=0, shard_train=93)
[build_sp_shards] 11,800,064/15,368,808 docs (7,382 docs/s, eta=483s, shard_val=0, shard_train=94)
[build_sp_shards] 11,900,160/15,368,808 docs (7,393 docs/s, eta=469s, shard_val=0, shard_train=95)
[build_sp_shards] 12,000,000/15,368,808 docs (7,406 docs/s, eta=455s, shard_val=0, shard_train=96)
[build_sp_shards] 12,100,096/15,368,808 docs (7,412 docs/s, eta=441s, shard_val=0, shard_train=97)
[build_sp_shards] 12,200,192/15,368,808 docs (7,440 docs/s, eta=426s, shard_val=0, shard_train=97)
[build_sp_shards] 12,300,032/15,368,808 docs (7,451 docs/s, eta=412s, shard_val=0, shard_train=98)
[build_sp_shards] 12,400,128/15,368,808 docs (7,453 docs/s, eta=398s, shard_val=0, shard_train=99)
[build_sp_shards] 12,500,224/15,368,808 docs (7,466 docs/s, eta=384s, shard_val=0, shard_train=100)
[build_sp_shards] 12,600,064/15,368,808 docs (7,474 docs/s, eta=370s, shard_val=0, shard_train=101)
[build_sp_shards] 12,700,160/15,368,808 docs (7,502 docs/s, eta=356s, shard_val=0, shard_train=101)
[build_sp_shards] 12,800,000/15,368,808 docs (7,489 docs/s, eta=343s, shard_val=0, shard_train=102)
[build_sp_shards] 12,900,096/15,368,808 docs (7,515 docs/s, eta=329s, shard_val=0, shard_train=103)
[build_sp_shards] 13,000,192/15,368,808 docs (7,523 docs/s, eta=315s, shard_val=0, shard_train=104)
[build_sp_shards] 13,100,032/15,368,808 docs (7,530 docs/s, eta=301s, shard_val=0, shard_train=105)
[build_sp_shards] 13,200,128/15,368,808 docs (7,534 docs/s, eta=288s, shard_val=0, shard_train=105)
[build_sp_shards] 13,300,224/15,368,808 docs (7,556 docs/s, eta=274s, shard_val=0, shard_train=106)
[build_sp_shards] 13,400,064/15,368,808 docs (7,536 docs/s, eta=261s, shard_val=0, shard_train=107)
[build_sp_shards] 13,500,160/15,368,808 docs (7,559 docs/s, eta=247s, shard_val=0, shard_train=108)
[build_sp_shards] 13,600,000/15,368,808 docs (7,575 docs/s, eta=234s, shard_val=0, shard_train=109)
[build_sp_shards] 13,700,096/15,368,808 docs (7,583 docs/s, eta=220s, shard_val=0, shard_train=110)
[build_sp_shards] 13,800,192/15,368,808 docs (7,603 docs/s, eta=206s, shard_val=0, shard_train=110)
[build_sp_shards] 13,900,032/15,368,808 docs (7,596 docs/s, eta=193s, shard_val=0, shard_train=111)
[build_sp_shards] 14,000,128/15,368,808 docs (7,611 docs/s, eta=180s, shard_val=0, shard_train=112)
[build_sp_shards] 14,100,224/15,368,808 docs (7,631 docs/s, eta=166s, shard_val=0, shard_train=113)
[build_sp_shards] 14,200,064/15,368,808 docs (7,642 docs/s, eta=153s, shard_val=0, shard_train=114)
[build_sp_shards] 14,300,160/15,368,808 docs (7,659 docs/s, eta=140s, shard_val=0, shard_train=114)
[build_sp_shards] 14,400,000/15,368,808 docs (7,651 docs/s, eta=127s, shard_val=0, shard_train=115)
[build_sp_shards] 14,500,096/15,368,808 docs (7,668 docs/s, eta=113s, shard_val=0, shard_train=116)
[build_sp_shards] 14,600,192/15,368,808 docs (7,672 docs/s, eta=100s, shard_val=0, shard_train=117)
[build_sp_shards] 14,700,032/15,368,808 docs (7,683 docs/s, eta=87s, shard_val=0, shard_train=118)
[build_sp_shards] 14,800,128/15,368,808 docs (7,709 docs/s, eta=74s, shard_val=0, shard_train=118)
[build_sp_shards] 14,900,224/15,368,808 docs (7,721 docs/s, eta=61s, shard_val=0, shard_train=119)
[build_sp_shards] 15,000,064/15,368,808 docs (7,725 docs/s, eta=48s, shard_val=0, shard_train=120)
[build_sp_shards] 15,100,160/15,368,808 docs (7,736 docs/s, eta=35s, shard_val=0, shard_train=121)
[build_sp_shards] 15,200,000/15,368,808 docs (7,747 docs/s, eta=22s, shard_val=0, shard_train=122)
[build_sp_shards] 15,300,096/15,368,808 docs (7,747 docs/s, eta=9s, shard_val=0, shard_train=122)
[build_sp_shards] Done in 1,995.3s — val: 1 shard(s) / 39,327,985 tokens; train: 124 shard(s) / 12,340,465,972 tokens
