Processing ./.
  Preparing metadata (pyproject.toml): started
  Running command Preparing metadata (pyproject.toml)
  running dist_info
  creating /tmp/pip-modern-metadata-__52qc4_/semanticengine_ssm.egg-info
  writing /tmp/pip-modern-metadata-__52qc4_/semanticengine_ssm.egg-info/PKG-INFO
  writing dependency_links to /tmp/pip-modern-metadata-__52qc4_/semanticengine_ssm.egg-info/dependency_links.txt
  writing requirements to /tmp/pip-modern-metadata-__52qc4_/semanticengine_ssm.egg-info/requires.txt
  writing top-level names to /tmp/pip-modern-metadata-__52qc4_/semanticengine_ssm.egg-info/top_level.txt
  writing manifest file '/tmp/pip-modern-metadata-__52qc4_/semanticengine_ssm.egg-info/SOURCES.txt'
  reading manifest file '/tmp/pip-modern-metadata-__52qc4_/semanticengine_ssm.egg-info/SOURCES.txt'
  writing manifest file '/tmp/pip-modern-metadata-__52qc4_/semanticengine_ssm.egg-info/SOURCES.txt'
  creating '/tmp/pip-modern-metadata-__52qc4_/semanticengine_ssm-0.2.0.dist-info'
  Preparing metadata (pyproject.toml): finished with status 'done'
Building wheels for collected packages: semanticengine-ssm
  Building wheel for semanticengine-ssm (pyproject.toml): started
  Running command Building wheel for semanticengine-ssm (pyproject.toml)
  running bdist_wheel
  running build
  running build_py
  creating build/lib.linux-x86_64-cpython-312/chaoscontrol
  copying src/chaoscontrol/wernicke.py -> build/lib.linux-x86_64-cpython-312/chaoscontrol
  copying src/chaoscontrol/wake_cache.py -> build/lib.linux-x86_64-cpython-312/chaoscontrol
  copying src/chaoscontrol/vq.py -> build/lib.linux-x86_64-cpython-312/chaoscontrol
  copying src/chaoscontrol/training.py -> build/lib.linux-x86_64-cpython-312/chaoscontrol
  copying src/chaoscontrol/train_ssm.py -> build/lib.linux-x86_64-cpython-312/chaoscontrol
  copying src/chaoscontrol/tokenizer.py -> build/lib.linux-x86_64-cpython-312/chaoscontrol
  copying src/chaoscontrol/sleep.py -> build/lib.linux-x86_64-cpython-312/chaoscontrol
  copying src/chaoscontrol/runner.py -> build/lib.linux-x86_64-cpython-312/chaoscontrol
  copying src/chaoscontrol/routing.py -> build/lib.linux-x86_64-cpython-312/chaoscontrol
  copying src/chaoscontrol/regret.py -> build/lib.linux-x86_64-cpython-312/chaoscontrol
  copying src/chaoscontrol/precision.py -> build/lib.linux-x86_64-cpython-312/chaoscontrol
  copying src/chaoscontrol/posterior.py -> build/lib.linux-x86_64-cpython-312/chaoscontrol
  copying src/chaoscontrol/partition.py -> build/lib.linux-x86_64-cpython-312/chaoscontrol
  copying src/chaoscontrol/paper_results.py -> build/lib.linux-x86_64-cpython-312/chaoscontrol
  copying src/chaoscontrol/model.py -> build/lib.linux-x86_64-cpython-312/chaoscontrol
  copying src/chaoscontrol/metabolic.py -> build/lib.linux-x86_64-cpython-312/chaoscontrol
  copying src/chaoscontrol/memory.py -> build/lib.linux-x86_64-cpython-312/chaoscontrol
  copying src/chaoscontrol/local_attn.py -> build/lib.linux-x86_64-cpython-312/chaoscontrol
  copying src/chaoscontrol/fatigue.py -> build/lib.linux-x86_64-cpython-312/chaoscontrol
  copying src/chaoscontrol/evaluation.py -> build/lib.linux-x86_64-cpython-312/chaoscontrol
  copying src/chaoscontrol/distributed.py -> build/lib.linux-x86_64-cpython-312/chaoscontrol
  copying src/chaoscontrol/data.py -> build/lib.linux-x86_64-cpython-312/chaoscontrol
  copying src/chaoscontrol/core_fused.py -> build/lib.linux-x86_64-cpython-312/chaoscontrol
  copying src/chaoscontrol/core.py -> build/lib.linux-x86_64-cpython-312/chaoscontrol
  copying src/chaoscontrol/config.py -> build/lib.linux-x86_64-cpython-312/chaoscontrol
  copying src/chaoscontrol/baselines_nanogpt_lean.py -> build/lib.linux-x86_64-cpython-312/chaoscontrol
  copying src/chaoscontrol/baselines.py -> build/lib.linux-x86_64-cpython-312/chaoscontrol
  copying src/chaoscontrol/artifact.py -> build/lib.linux-x86_64-cpython-312/chaoscontrol
  copying src/chaoscontrol/alignment.py -> build/lib.linux-x86_64-cpython-312/chaoscontrol
  copying src/chaoscontrol/__init__.py -> build/lib.linux-x86_64-cpython-312/chaoscontrol
  creating build/lib.linux-x86_64-cpython-312/chaoscontrol/sgns
  copying src/chaoscontrol/sgns/train.py -> build/lib.linux-x86_64-cpython-312/chaoscontrol/sgns
  copying src/chaoscontrol/sgns/sampler.py -> build/lib.linux-x86_64-cpython-312/chaoscontrol/sgns
  copying src/chaoscontrol/sgns/moment_match.py -> build/lib.linux-x86_64-cpython-312/chaoscontrol/sgns
  copying src/chaoscontrol/sgns/model.py -> build/lib.linux-x86_64-cpython-312/chaoscontrol/sgns
  copying src/chaoscontrol/sgns/intrinsic.py -> build/lib.linux-x86_64-cpython-312/chaoscontrol/sgns
  copying src/chaoscontrol/sgns/__init__.py -> build/lib.linux-x86_64-cpython-312/chaoscontrol/sgns
  creating build/lib.linux-x86_64-cpython-312/chaoscontrol/quantization
  copying src/chaoscontrol/quantization/packaging.py -> build/lib.linux-x86_64-cpython-312/chaoscontrol/quantization
  copying src/chaoscontrol/quantization/gptq.py -> build/lib.linux-x86_64-cpython-312/chaoscontrol/quantization
  copying src/chaoscontrol/quantization/__init__.py -> build/lib.linux-x86_64-cpython-312/chaoscontrol/quantization
  creating build/lib.linux-x86_64-cpython-312/chaoscontrol/optim
  copying src/chaoscontrol/optim/muon.py -> build/lib.linux-x86_64-cpython-312/chaoscontrol/optim
  copying src/chaoscontrol/optim/lamb.py -> build/lib.linux-x86_64-cpython-312/chaoscontrol/optim
  copying src/chaoscontrol/optim/__init__.py -> build/lib.linux-x86_64-cpython-312/chaoscontrol/optim
  creating build/lib.linux-x86_64-cpython-312/chaoscontrol/kernels
  copying src/chaoscontrol/kernels/fp8_linear.py -> build/lib.linux-x86_64-cpython-312/chaoscontrol/kernels
  copying src/chaoscontrol/kernels/__init__.py -> build/lib.linux-x86_64-cpython-312/chaoscontrol/kernels
  creating build/lib.linux-x86_64-cpython-312/chaoscontrol/eval_stream
  copying src/chaoscontrol/eval_stream/val_cache.py -> build/lib.linux-x86_64-cpython-312/chaoscontrol/eval_stream
  copying src/chaoscontrol/eval_stream/types.py -> build/lib.linux-x86_64-cpython-312/chaoscontrol/eval_stream
  copying src/chaoscontrol/eval_stream/ttt_runner.py -> build/lib.linux-x86_64-cpython-312/chaoscontrol/eval_stream
  copying src/chaoscontrol/eval_stream/temporal_heads.py -> build/lib.linux-x86_64-cpython-312/chaoscontrol/eval_stream
  copying src/chaoscontrol/eval_stream/persistence.py -> build/lib.linux-x86_64-cpython-312/chaoscontrol/eval_stream
  copying src/chaoscontrol/eval_stream/metrics.py -> build/lib.linux-x86_64-cpython-312/chaoscontrol/eval_stream
  copying src/chaoscontrol/eval_stream/legality.py -> build/lib.linux-x86_64-cpython-312/chaoscontrol/eval_stream
  copying src/chaoscontrol/eval_stream/doc_stream.py -> build/lib.linux-x86_64-cpython-312/chaoscontrol/eval_stream
  copying src/chaoscontrol/eval_stream/delta_mod.py -> build/lib.linux-x86_64-cpython-312/chaoscontrol/eval_stream
  copying src/chaoscontrol/eval_stream/budget.py -> build/lib.linux-x86_64-cpython-312/chaoscontrol/eval_stream
  copying src/chaoscontrol/eval_stream/__init__.py -> build/lib.linux-x86_64-cpython-312/chaoscontrol/eval_stream
  creating build/lib.linux-x86_64-cpython-312/chaoscontrol/kernels/_ssm_scan
  copying src/chaoscontrol/kernels/_ssm_scan/setup_ext.py -> build/lib.linux-x86_64-cpython-312/chaoscontrol/kernels/_ssm_scan
  copying src/chaoscontrol/kernels/_ssm_scan/__init__.py -> build/lib.linux-x86_64-cpython-312/chaoscontrol/kernels/_ssm_scan
  creating build/lib.linux-x86_64-cpython-312/chaoscontrol/kernels/_cublaslt
  copying src/chaoscontrol/kernels/_cublaslt/setup_ext.py -> build/lib.linux-x86_64-cpython-312/chaoscontrol/kernels/_cublaslt
  copying src/chaoscontrol/kernels/_cublaslt/__init__.py -> build/lib.linux-x86_64-cpython-312/chaoscontrol/kernels/_cublaslt
  running egg_info
  creating src/semanticengine_ssm.egg-info
  writing src/semanticengine_ssm.egg-info/PKG-INFO
  writing dependency_links to src/semanticengine_ssm.egg-info/dependency_links.txt
  writing requirements to src/semanticengine_ssm.egg-info/requires.txt
  writing top-level names to src/semanticengine_ssm.egg-info/top_level.txt
  writing manifest file 'src/semanticengine_ssm.egg-info/SOURCES.txt'
  reading manifest file 'src/semanticengine_ssm.egg-info/SOURCES.txt'
  writing manifest file 'src/semanticengine_ssm.egg-info/SOURCES.txt'
  creating build/lib.linux-x86_64-cpython-312/chaoscontrol/kernels/_ssm_scan/src
  copying src/chaoscontrol/kernels/_ssm_scan/src/ssm_scan_binding.cpp -> build/lib.linux-x86_64-cpython-312/chaoscontrol/kernels/_ssm_scan/src
  copying src/chaoscontrol/kernels/_ssm_scan/src/ssm_scan_bwd.cu -> build/lib.linux-x86_64-cpython-312/chaoscontrol/kernels/_ssm_scan/src
  copying src/chaoscontrol/kernels/_ssm_scan/src/ssm_scan_fwd.cu -> build/lib.linux-x86_64-cpython-312/chaoscontrol/kernels/_ssm_scan/src
  creating build/lib.linux-x86_64-cpython-312/chaoscontrol/kernels/_cublaslt/src
  copying src/chaoscontrol/kernels/_cublaslt/src/cublaslt_fp8_matmul.cpp -> build/lib.linux-x86_64-cpython-312/chaoscontrol/kernels/_cublaslt/src
  copying src/chaoscontrol/kernels/_cublaslt/src/descriptor_cache.cpp -> build/lib.linux-x86_64-cpython-312/chaoscontrol/kernels/_cublaslt/src
  copying src/chaoscontrol/kernels/_cublaslt/src/fused_amax_cast.cu -> build/lib.linux-x86_64-cpython-312/chaoscontrol/kernels/_cublaslt/src
  running build_ext
  W0421 01:51:22.826000 1335 torch/utils/cpp_extension.py:531] There are no x86_64-linux-gnu-g++ version bounds defined for CUDA version 13.0
  building 'chaoscontrol.kernels._cublaslt._C' extension
  creating /workspace/chaoscontrol/build/temp.linux-x86_64-cpython-312/src/chaoscontrol/kernels/_cublaslt/src
  [1/3] c++ -MMD -MF /workspace/chaoscontrol/build/temp.linux-x86_64-cpython-312/src/chaoscontrol/kernels/_cublaslt/src/descriptor_cache.o.d -fno-strict-overflow -Wsign-compare -DNDEBUG -g -O2 -Wall -fPIC -I/workspace/chaoscontrol/src/chaoscontrol/kernels/_cublaslt/src -I/usr/local/lib/python3.12/dist-packages/nvidia/cu13/include -I/usr/local/cuda/include -I/usr/local/lib/python3.12/dist-packages/torch/include -I/usr/local/lib/python3.12/dist-packages/torch/include/torch/csrc/api/include -I/usr/local/cuda-13.0/include -I/workspace/chaoscontrol/.venv/include -I/usr/include/python3.12 -c -c /workspace/chaoscontrol/src/chaoscontrol/kernels/_cublaslt/src/descriptor_cache.cpp -o /workspace/chaoscontrol/build/temp.linux-x86_64-cpython-312/src/chaoscontrol/kernels/_cublaslt/src/descriptor_cache.o -O3 -std=c++17 -DTORCH_API_INCLUDE_EXTENSION_H -DTORCH_EXTENSION_NAME=_C
  [2/3] /usr/local/cuda-13.0/bin/nvcc --generate-dependencies-with-compile --dependency-output /workspace/chaoscontrol/build/temp.linux-x86_64-cpython-312/src/chaoscontrol/kernels/_cublaslt/src/fused_amax_cast.o.d -I/workspace/chaoscontrol/src/chaoscontrol/kernels/_cublaslt/src -I/usr/local/lib/python3.12/dist-packages/nvidia/cu13/include -I/usr/local/cuda/include -I/usr/local/lib/python3.12/dist-packages/torch/include -I/usr/local/lib/python3.12/dist-packages/torch/include/torch/csrc/api/include -I/usr/local/cuda-13.0/include -I/workspace/chaoscontrol/.venv/include -I/usr/include/python3.12 -c -c /workspace/chaoscontrol/src/chaoscontrol/kernels/_cublaslt/src/fused_amax_cast.cu -o /workspace/chaoscontrol/build/temp.linux-x86_64-cpython-312/src/chaoscontrol/kernels/_cublaslt/src/fused_amax_cast.o -D__CUDA_NO_HALF_OPERATORS__ -D__CUDA_NO_HALF_CONVERSIONS__ -D__CUDA_NO_BFLOAT16_CONVERSIONS__ -D__CUDA_NO_HALF2_OPERATORS__ --expt-relaxed-constexpr --compiler-options ''"'"'-fPIC'"'"'' -O3 -std=c++17 -gencode=arch=compute_89,code=sm_89 -gencode=arch=compute_90,code=sm_90 --expt-relaxed-constexpr -Xcompiler=-fPIC -DTORCH_API_INCLUDE_EXTENSION_H -DTORCH_EXTENSION_NAME=_C
  [3/3] c++ -MMD -MF /workspace/chaoscontrol/build/temp.linux-x86_64-cpython-312/src/chaoscontrol/kernels/_cublaslt/src/cublaslt_fp8_matmul.o.d -fno-strict-overflow -Wsign-compare -DNDEBUG -g -O2 -Wall -fPIC -I/workspace/chaoscontrol/src/chaoscontrol/kernels/_cublaslt/src -I/usr/local/lib/python3.12/dist-packages/nvidia/cu13/include -I/usr/local/cuda/include -I/usr/local/lib/python3.12/dist-packages/torch/include -I/usr/local/lib/python3.12/dist-packages/torch/include/torch/csrc/api/include -I/usr/local/cuda-13.0/include -I/workspace/chaoscontrol/.venv/include -I/usr/include/python3.12 -c -c /workspace/chaoscontrol/src/chaoscontrol/kernels/_cublaslt/src/cublaslt_fp8_matmul.cpp -o /workspace/chaoscontrol/build/temp.linux-x86_64-cpython-312/src/chaoscontrol/kernels/_cublaslt/src/cublaslt_fp8_matmul.o -O3 -std=c++17 -DTORCH_API_INCLUDE_EXTENSION_H -DTORCH_EXTENSION_NAME=_C
  x86_64-linux-gnu-g++ -fno-strict-overflow -Wsign-compare -DNDEBUG -g -O2 -Wall -shared -Wl,-O1 -Wl,-Bsymbolic-functions /workspace/chaoscontrol/build/temp.linux-x86_64-cpython-312/src/chaoscontrol/kernels/_cublaslt/src/cublaslt_fp8_matmul.o /workspace/chaoscontrol/build/temp.linux-x86_64-cpython-312/src/chaoscontrol/kernels/_cublaslt/src/descriptor_cache.o /workspace/chaoscontrol/build/temp.linux-x86_64-cpython-312/src/chaoscontrol/kernels/_cublaslt/src/fused_amax_cast.o -L/usr/local/lib/python3.12/dist-packages/nvidia/cu13/lib -L/usr/local/lib/python3.12/dist-packages/torch/lib -L/usr/local/cuda-13.0/lib64 -L/usr/lib/x86_64-linux-gnu -Wl,--enable-new-dtags,-rpath,/usr/local/lib/python3.12/dist-packages/nvidia/cu13/lib -lc10 -ltorch -ltorch_cpu -ltorch_python -lcudart -lc10_cuda -ltorch_cuda -o build/lib.linux-x86_64-cpython-312/chaoscontrol/kernels/_cublaslt/_C.cpython-312-x86_64-linux-gnu.so -l:libcublasLt.so.13 -l:libcublas.so.13 -l:libcudart.so.13
  building 'chaoscontrol.kernels._ssm_scan._C' extension
  creating /workspace/chaoscontrol/build/temp.linux-x86_64-cpython-312/src/chaoscontrol/kernels/_ssm_scan/src
  [1/3] /usr/local/cuda-13.0/bin/nvcc --generate-dependencies-with-compile --dependency-output /workspace/chaoscontrol/build/temp.linux-x86_64-cpython-312/src/chaoscontrol/kernels/_ssm_scan/src/ssm_scan_fwd.o.d -I/workspace/chaoscontrol/src/chaoscontrol/kernels/_ssm_scan/src -I/usr/local/lib/python3.12/dist-packages/torch/include -I/usr/local/lib/python3.12/dist-packages/torch/include/torch/csrc/api/include -I/usr/local/cuda-13.0/include -I/workspace/chaoscontrol/.venv/include -I/usr/include/python3.12 -c -c /workspace/chaoscontrol/src/chaoscontrol/kernels/_ssm_scan/src/ssm_scan_fwd.cu -o /workspace/chaoscontrol/build/temp.linux-x86_64-cpython-312/src/chaoscontrol/kernels/_ssm_scan/src/ssm_scan_fwd.o -D__CUDA_NO_HALF_OPERATORS__ -D__CUDA_NO_HALF_CONVERSIONS__ -D__CUDA_NO_BFLOAT16_CONVERSIONS__ -D__CUDA_NO_HALF2_OPERATORS__ --expt-relaxed-constexpr --compiler-options ''"'"'-fPIC'"'"'' -O3 -std=c++17 -gencode=arch=compute_89,code=sm_89 -gencode=arch=compute_90,code=sm_90 --expt-relaxed-constexpr -Xcompiler=-fPIC -use_fast_math -DCCCL_DISABLE_CTK_COMPATIBILITY_CHECK -DTORCH_API_INCLUDE_EXTENSION_H -DTORCH_EXTENSION_NAME=_C
  [2/3] /usr/local/cuda-13.0/bin/nvcc --generate-dependencies-with-compile --dependency-output /workspace/chaoscontrol/build/temp.linux-x86_64-cpython-312/src/chaoscontrol/kernels/_ssm_scan/src/ssm_scan_bwd.o.d -I/workspace/chaoscontrol/src/chaoscontrol/kernels/_ssm_scan/src -I/usr/local/lib/python3.12/dist-packages/torch/include -I/usr/local/lib/python3.12/dist-packages/torch/include/torch/csrc/api/include -I/usr/local/cuda-13.0/include -I/workspace/chaoscontrol/.venv/include -I/usr/include/python3.12 -c -c /workspace/chaoscontrol/src/chaoscontrol/kernels/_ssm_scan/src/ssm_scan_bwd.cu -o /workspace/chaoscontrol/build/temp.linux-x86_64-cpython-312/src/chaoscontrol/kernels/_ssm_scan/src/ssm_scan_bwd.o -D__CUDA_NO_HALF_OPERATORS__ -D__CUDA_NO_HALF_CONVERSIONS__ -D__CUDA_NO_BFLOAT16_CONVERSIONS__ -D__CUDA_NO_HALF2_OPERATORS__ --expt-relaxed-constexpr --compiler-options ''"'"'-fPIC'"'"'' -O3 -std=c++17 -gencode=arch=compute_89,code=sm_89 -gencode=arch=compute_90,code=sm_90 --expt-relaxed-constexpr -Xcompiler=-fPIC -use_fast_math -DCCCL_DISABLE_CTK_COMPATIBILITY_CHECK -DTORCH_API_INCLUDE_EXTENSION_H -DTORCH_EXTENSION_NAME=_C
  [3/3] c++ -MMD -MF /workspace/chaoscontrol/build/temp.linux-x86_64-cpython-312/src/chaoscontrol/kernels/_ssm_scan/src/ssm_scan_binding.o.d -fno-strict-overflow -Wsign-compare -DNDEBUG -g -O2 -Wall -fPIC -I/workspace/chaoscontrol/src/chaoscontrol/kernels/_ssm_scan/src -I/usr/local/lib/python3.12/dist-packages/torch/include -I/usr/local/lib/python3.12/dist-packages/torch/include/torch/csrc/api/include -I/usr/local/cuda-13.0/include -I/workspace/chaoscontrol/.venv/include -I/usr/include/python3.12 -c -c /workspace/chaoscontrol/src/chaoscontrol/kernels/_ssm_scan/src/ssm_scan_binding.cpp -o /workspace/chaoscontrol/build/temp.linux-x86_64-cpython-312/src/chaoscontrol/kernels/_ssm_scan/src/ssm_scan_binding.o -O3 -std=c++17 -DTORCH_API_INCLUDE_EXTENSION_H -DTORCH_EXTENSION_NAME=_C
  x86_64-linux-gnu-g++ -fno-strict-overflow -Wsign-compare -DNDEBUG -g -O2 -Wall -shared -Wl,-O1 -Wl,-Bsymbolic-functions /workspace/chaoscontrol/build/temp.linux-x86_64-cpython-312/src/chaoscontrol/kernels/_ssm_scan/src/ssm_scan_binding.o /workspace/chaoscontrol/build/temp.linux-x86_64-cpython-312/src/chaoscontrol/kernels/_ssm_scan/src/ssm_scan_bwd.o /workspace/chaoscontrol/build/temp.linux-x86_64-cpython-312/src/chaoscontrol/kernels/_ssm_scan/src/ssm_scan_fwd.o -L/usr/local/lib/python3.12/dist-packages/torch/lib -L/usr/local/cuda-13.0/lib64 -L/usr/lib/x86_64-linux-gnu -lc10 -ltorch -ltorch_cpu -ltorch_python -lcudart -lc10_cuda -ltorch_cuda -o build/lib.linux-x86_64-cpython-312/chaoscontrol/kernels/_ssm_scan/_C.cpython-312-x86_64-linux-gnu.so
  installing to build/bdist.linux-x86_64/wheel
  running install
  running install_lib
  creating build/bdist.linux-x86_64/wheel
  creating build/bdist.linux-x86_64/wheel/chaoscontrol
  creating build/bdist.linux-x86_64/wheel/chaoscontrol/eval_stream
  copying build/lib.linux-x86_64-cpython-312/chaoscontrol/eval_stream/__init__.py -> build/bdist.linux-x86_64/wheel/./chaoscontrol/eval_stream
  copying build/lib.linux-x86_64-cpython-312/chaoscontrol/eval_stream/budget.py -> build/bdist.linux-x86_64/wheel/./chaoscontrol/eval_stream
  copying build/lib.linux-x86_64-cpython-312/chaoscontrol/eval_stream/delta_mod.py -> build/bdist.linux-x86_64/wheel/./chaoscontrol/eval_stream
  copying build/lib.linux-x86_64-cpython-312/chaoscontrol/eval_stream/doc_stream.py -> build/bdist.linux-x86_64/wheel/./chaoscontrol/eval_stream
  copying build/lib.linux-x86_64-cpython-312/chaoscontrol/eval_stream/legality.py -> build/bdist.linux-x86_64/wheel/./chaoscontrol/eval_stream
  copying build/lib.linux-x86_64-cpython-312/chaoscontrol/eval_stream/metrics.py -> build/bdist.linux-x86_64/wheel/./chaoscontrol/eval_stream
  copying build/lib.linux-x86_64-cpython-312/chaoscontrol/eval_stream/persistence.py -> build/bdist.linux-x86_64/wheel/./chaoscontrol/eval_stream
  copying build/lib.linux-x86_64-cpython-312/chaoscontrol/eval_stream/temporal_heads.py -> build/bdist.linux-x86_64/wheel/./chaoscontrol/eval_stream
  copying build/lib.linux-x86_64-cpython-312/chaoscontrol/eval_stream/ttt_runner.py -> build/bdist.linux-x86_64/wheel/./chaoscontrol/eval_stream
  copying build/lib.linux-x86_64-cpython-312/chaoscontrol/eval_stream/types.py -> build/bdist.linux-x86_64/wheel/./chaoscontrol/eval_stream
  copying build/lib.linux-x86_64-cpython-312/chaoscontrol/eval_stream/val_cache.py -> build/bdist.linux-x86_64/wheel/./chaoscontrol/eval_stream
  creating build/bdist.linux-x86_64/wheel/chaoscontrol/kernels
  creating build/bdist.linux-x86_64/wheel/chaoscontrol/kernels/_cublaslt
  copying build/lib.linux-x86_64-cpython-312/chaoscontrol/kernels/_cublaslt/_C.cpython-312-x86_64-linux-gnu.so -> build/bdist.linux-x86_64/wheel/./chaoscontrol/kernels/_cublaslt
  creating build/bdist.linux-x86_64/wheel/chaoscontrol/kernels/_cublaslt/src
  copying build/lib.linux-x86_64-cpython-312/chaoscontrol/kernels/_cublaslt/src/fused_amax_cast.cu -> build/bdist.linux-x86_64/wheel/./chaoscontrol/kernels/_cublaslt/src
  copying build/lib.linux-x86_64-cpython-312/chaoscontrol/kernels/_cublaslt/src/descriptor_cache.cpp -> build/bdist.linux-x86_64/wheel/./chaoscontrol/kernels/_cublaslt/src
  copying build/lib.linux-x86_64-cpython-312/chaoscontrol/kernels/_cublaslt/src/cublaslt_fp8_matmul.cpp -> build/bdist.linux-x86_64/wheel/./chaoscontrol/kernels/_cublaslt/src
  copying build/lib.linux-x86_64-cpython-312/chaoscontrol/kernels/_cublaslt/__init__.py -> build/bdist.linux-x86_64/wheel/./chaoscontrol/kernels/_cublaslt
  copying build/lib.linux-x86_64-cpython-312/chaoscontrol/kernels/_cublaslt/setup_ext.py -> build/bdist.linux-x86_64/wheel/./chaoscontrol/kernels/_cublaslt
  creating build/bdist.linux-x86_64/wheel/chaoscontrol/kernels/_ssm_scan
  copying build/lib.linux-x86_64-cpython-312/chaoscontrol/kernels/_ssm_scan/_C.cpython-312-x86_64-linux-gnu.so -> build/bdist.linux-x86_64/wheel/./chaoscontrol/kernels/_ssm_scan
  creating build/bdist.linux-x86_64/wheel/chaoscontrol/kernels/_ssm_scan/src
  copying build/lib.linux-x86_64-cpython-312/chaoscontrol/kernels/_ssm_scan/src/ssm_scan_fwd.cu -> build/bdist.linux-x86_64/wheel/./chaoscontrol/kernels/_ssm_scan/src
  copying build/lib.linux-x86_64-cpython-312/chaoscontrol/kernels/_ssm_scan/src/ssm_scan_bwd.cu -> build/bdist.linux-x86_64/wheel/./chaoscontrol/kernels/_ssm_scan/src
  copying build/lib.linux-x86_64-cpython-312/chaoscontrol/kernels/_ssm_scan/src/ssm_scan_binding.cpp -> build/bdist.linux-x86_64/wheel/./chaoscontrol/kernels/_ssm_scan/src
  copying build/lib.linux-x86_64-cpython-312/chaoscontrol/kernels/_ssm_scan/__init__.py -> build/bdist.linux-x86_64/wheel/./chaoscontrol/kernels/_ssm_scan
  copying build/lib.linux-x86_64-cpython-312/chaoscontrol/kernels/_ssm_scan/setup_ext.py -> build/bdist.linux-x86_64/wheel/./chaoscontrol/kernels/_ssm_scan
  copying build/lib.linux-x86_64-cpython-312/chaoscontrol/kernels/__init__.py -> build/bdist.linux-x86_64/wheel/./chaoscontrol/kernels
  copying build/lib.linux-x86_64-cpython-312/chaoscontrol/kernels/fp8_linear.py -> build/bdist.linux-x86_64/wheel/./chaoscontrol/kernels
  creating build/bdist.linux-x86_64/wheel/chaoscontrol/optim
  copying build/lib.linux-x86_64-cpython-312/chaoscontrol/optim/__init__.py -> build/bdist.linux-x86_64/wheel/./chaoscontrol/optim
  copying build/lib.linux-x86_64-cpython-312/chaoscontrol/optim/lamb.py -> build/bdist.linux-x86_64/wheel/./chaoscontrol/optim
  copying build/lib.linux-x86_64-cpython-312/chaoscontrol/optim/muon.py -> build/bdist.linux-x86_64/wheel/./chaoscontrol/optim
  creating build/bdist.linux-x86_64/wheel/chaoscontrol/quantization
  copying build/lib.linux-x86_64-cpython-312/chaoscontrol/quantization/__init__.py -> build/bdist.linux-x86_64/wheel/./chaoscontrol/quantization
  copying build/lib.linux-x86_64-cpython-312/chaoscontrol/quantization/gptq.py -> build/bdist.linux-x86_64/wheel/./chaoscontrol/quantization
  copying build/lib.linux-x86_64-cpython-312/chaoscontrol/quantization/packaging.py -> build/bdist.linux-x86_64/wheel/./chaoscontrol/quantization
  creating build/bdist.linux-x86_64/wheel/chaoscontrol/sgns
  copying build/lib.linux-x86_64-cpython-312/chaoscontrol/sgns/__init__.py -> build/bdist.linux-x86_64/wheel/./chaoscontrol/sgns
  copying build/lib.linux-x86_64-cpython-312/chaoscontrol/sgns/intrinsic.py -> build/bdist.linux-x86_64/wheel/./chaoscontrol/sgns
  copying build/lib.linux-x86_64-cpython-312/chaoscontrol/sgns/model.py -> build/bdist.linux-x86_64/wheel/./chaoscontrol/sgns
  copying build/lib.linux-x86_64-cpython-312/chaoscontrol/sgns/moment_match.py -> build/bdist.linux-x86_64/wheel/./chaoscontrol/sgns
  copying build/lib.linux-x86_64-cpython-312/chaoscontrol/sgns/sampler.py -> build/bdist.linux-x86_64/wheel/./chaoscontrol/sgns
  copying build/lib.linux-x86_64-cpython-312/chaoscontrol/sgns/train.py -> build/bdist.linux-x86_64/wheel/./chaoscontrol/sgns
  copying build/lib.linux-x86_64-cpython-312/chaoscontrol/__init__.py -> build/bdist.linux-x86_64/wheel/./chaoscontrol
  copying build/lib.linux-x86_64-cpython-312/chaoscontrol/alignment.py -> build/bdist.linux-x86_64/wheel/./chaoscontrol
  copying build/lib.linux-x86_64-cpython-312/chaoscontrol/artifact.py -> build/bdist.linux-x86_64/wheel/./chaoscontrol
  copying build/lib.linux-x86_64-cpython-312/chaoscontrol/baselines.py -> build/bdist.linux-x86_64/wheel/./chaoscontrol
  copying build/lib.linux-x86_64-cpython-312/chaoscontrol/baselines_nanogpt_lean.py -> build/bdist.linux-x86_64/wheel/./chaoscontrol
  copying build/lib.linux-x86_64-cpython-312/chaoscontrol/config.py -> build/bdist.linux-x86_64/wheel/./chaoscontrol
  copying build/lib.linux-x86_64-cpython-312/chaoscontrol/core.py -> build/bdist.linux-x86_64/wheel/./chaoscontrol
  copying build/lib.linux-x86_64-cpython-312/chaoscontrol/core_fused.py -> build/bdist.linux-x86_64/wheel/./chaoscontrol
  copying build/lib.linux-x86_64-cpython-312/chaoscontrol/data.py -> build/bdist.linux-x86_64/wheel/./chaoscontrol
  copying build/lib.linux-x86_64-cpython-312/chaoscontrol/distributed.py -> build/bdist.linux-x86_64/wheel/./chaoscontrol
  copying build/lib.linux-x86_64-cpython-312/chaoscontrol/evaluation.py -> build/bdist.linux-x86_64/wheel/./chaoscontrol
  copying build/lib.linux-x86_64-cpython-312/chaoscontrol/fatigue.py -> build/bdist.linux-x86_64/wheel/./chaoscontrol
  copying build/lib.linux-x86_64-cpython-312/chaoscontrol/local_attn.py -> build/bdist.linux-x86_64/wheel/./chaoscontrol
  copying build/lib.linux-x86_64-cpython-312/chaoscontrol/memory.py -> build/bdist.linux-x86_64/wheel/./chaoscontrol
  copying build/lib.linux-x86_64-cpython-312/chaoscontrol/metabolic.py -> build/bdist.linux-x86_64/wheel/./chaoscontrol
  copying build/lib.linux-x86_64-cpython-312/chaoscontrol/model.py -> build/bdist.linux-x86_64/wheel/./chaoscontrol
  copying build/lib.linux-x86_64-cpython-312/chaoscontrol/paper_results.py -> build/bdist.linux-x86_64/wheel/./chaoscontrol
  copying build/lib.linux-x86_64-cpython-312/chaoscontrol/partition.py -> build/bdist.linux-x86_64/wheel/./chaoscontrol
  copying build/lib.linux-x86_64-cpython-312/chaoscontrol/posterior.py -> build/bdist.linux-x86_64/wheel/./chaoscontrol
  copying build/lib.linux-x86_64-cpython-312/chaoscontrol/precision.py -> build/bdist.linux-x86_64/wheel/./chaoscontrol
  copying build/lib.linux-x86_64-cpython-312/chaoscontrol/regret.py -> build/bdist.linux-x86_64/wheel/./chaoscontrol
  copying build/lib.linux-x86_64-cpython-312/chaoscontrol/routing.py -> build/bdist.linux-x86_64/wheel/./chaoscontrol
  copying build/lib.linux-x86_64-cpython-312/chaoscontrol/runner.py -> build/bdist.linux-x86_64/wheel/./chaoscontrol
  copying build/lib.linux-x86_64-cpython-312/chaoscontrol/sleep.py -> build/bdist.linux-x86_64/wheel/./chaoscontrol
  copying build/lib.linux-x86_64-cpython-312/chaoscontrol/tokenizer.py -> build/bdist.linux-x86_64/wheel/./chaoscontrol
  copying build/lib.linux-x86_64-cpython-312/chaoscontrol/train_ssm.py -> build/bdist.linux-x86_64/wheel/./chaoscontrol
  copying build/lib.linux-x86_64-cpython-312/chaoscontrol/training.py -> build/bdist.linux-x86_64/wheel/./chaoscontrol
  copying build/lib.linux-x86_64-cpython-312/chaoscontrol/vq.py -> build/bdist.linux-x86_64/wheel/./chaoscontrol
  copying build/lib.linux-x86_64-cpython-312/chaoscontrol/wake_cache.py -> build/bdist.linux-x86_64/wheel/./chaoscontrol
  copying build/lib.linux-x86_64-cpython-312/chaoscontrol/wernicke.py -> build/bdist.linux-x86_64/wheel/./chaoscontrol
  running install_egg_info
  Copying src/semanticengine_ssm.egg-info to build/bdist.linux-x86_64/wheel/./semanticengine_ssm-0.2.0-py3.12.egg-info
  running install_scripts
  creating build/bdist.linux-x86_64/wheel/semanticengine_ssm-0.2.0.dist-info/WHEEL
  creating '/tmp/pip-ephem-wheel-cache-mkdfdwwm/wheels/28/c4/bd/79da125bfcaac9e7e0049cb886ff567573387bb20a4ff167f0/tmpl_y45kz9/.tmp-6whkgctm/semanticengine_ssm-0.2.0-cp312-cp312-linux_x86_64.whl' and adding 'build/bdist.linux-x86_64/wheel' to it
  adding 'chaoscontrol/__init__.py'
  adding 'chaoscontrol/alignment.py'
  adding 'chaoscontrol/artifact.py'
  adding 'chaoscontrol/baselines.py'
  adding 'chaoscontrol/baselines_nanogpt_lean.py'
  adding 'chaoscontrol/config.py'
  adding 'chaoscontrol/core.py'
  adding 'chaoscontrol/core_fused.py'
  adding 'chaoscontrol/data.py'
  adding 'chaoscontrol/distributed.py'
  adding 'chaoscontrol/evaluation.py'
  adding 'chaoscontrol/fatigue.py'
  adding 'chaoscontrol/local_attn.py'
  adding 'chaoscontrol/memory.py'
  adding 'chaoscontrol/metabolic.py'
  adding 'chaoscontrol/model.py'
  adding 'chaoscontrol/paper_results.py'
  adding 'chaoscontrol/partition.py'
  adding 'chaoscontrol/posterior.py'
  adding 'chaoscontrol/precision.py'
  adding 'chaoscontrol/regret.py'
  adding 'chaoscontrol/routing.py'
  adding 'chaoscontrol/runner.py'
  adding 'chaoscontrol/sleep.py'
  adding 'chaoscontrol/tokenizer.py'
  adding 'chaoscontrol/train_ssm.py'
  adding 'chaoscontrol/training.py'
  adding 'chaoscontrol/vq.py'
  adding 'chaoscontrol/wake_cache.py'
  adding 'chaoscontrol/wernicke.py'
  adding 'chaoscontrol/eval_stream/__init__.py'
  adding 'chaoscontrol/eval_stream/budget.py'
  adding 'chaoscontrol/eval_stream/delta_mod.py'
  adding 'chaoscontrol/eval_stream/doc_stream.py'
  adding 'chaoscontrol/eval_stream/legality.py'
  adding 'chaoscontrol/eval_stream/metrics.py'
  adding 'chaoscontrol/eval_stream/persistence.py'
  adding 'chaoscontrol/eval_stream/temporal_heads.py'
  adding 'chaoscontrol/eval_stream/ttt_runner.py'
  adding 'chaoscontrol/eval_stream/types.py'
  adding 'chaoscontrol/eval_stream/val_cache.py'
  adding 'chaoscontrol/kernels/__init__.py'
  adding 'chaoscontrol/kernels/fp8_linear.py'
  adding 'chaoscontrol/kernels/_cublaslt/_C.cpython-312-x86_64-linux-gnu.so'
  adding 'chaoscontrol/kernels/_cublaslt/__init__.py'
  adding 'chaoscontrol/kernels/_cublaslt/setup_ext.py'
  adding 'chaoscontrol/kernels/_cublaslt/src/cublaslt_fp8_matmul.cpp'
  adding 'chaoscontrol/kernels/_cublaslt/src/descriptor_cache.cpp'
  adding 'chaoscontrol/kernels/_cublaslt/src/fused_amax_cast.cu'
  adding 'chaoscontrol/kernels/_ssm_scan/_C.cpython-312-x86_64-linux-gnu.so'
  adding 'chaoscontrol/kernels/_ssm_scan/__init__.py'
  adding 'chaoscontrol/kernels/_ssm_scan/setup_ext.py'
  adding 'chaoscontrol/kernels/_ssm_scan/src/ssm_scan_binding.cpp'
  adding 'chaoscontrol/kernels/_ssm_scan/src/ssm_scan_bwd.cu'
  adding 'chaoscontrol/kernels/_ssm_scan/src/ssm_scan_fwd.cu'
  adding 'chaoscontrol/optim/__init__.py'
  adding 'chaoscontrol/optim/lamb.py'
  adding 'chaoscontrol/optim/muon.py'
  adding 'chaoscontrol/quantization/__init__.py'
  adding 'chaoscontrol/quantization/gptq.py'
  adding 'chaoscontrol/quantization/packaging.py'
  adding 'chaoscontrol/sgns/__init__.py'
  adding 'chaoscontrol/sgns/intrinsic.py'
  adding 'chaoscontrol/sgns/model.py'
  adding 'chaoscontrol/sgns/moment_match.py'
  adding 'chaoscontrol/sgns/sampler.py'
  adding 'chaoscontrol/sgns/train.py'
  adding 'semanticengine_ssm-0.2.0.dist-info/METADATA'
  adding 'semanticengine_ssm-0.2.0.dist-info/WHEEL'
  adding 'semanticengine_ssm-0.2.0.dist-info/top_level.txt'
  adding 'semanticengine_ssm-0.2.0.dist-info/RECORD'
  removing build/bdist.linux-x86_64/wheel
  Building wheel for semanticengine-ssm (pyproject.toml): finished with status 'done'
  Created wheel for semanticengine-ssm: filename=semanticengine_ssm-0.2.0-cp312-cp312-linux_x86_64.whl size=6413104 sha256=bcff57280916844db8f5d9f6a0b8f11be0dce3abd473885c8df6adc87335009f
  Stored in directory: /tmp/pip-ephem-wheel-cache-mkdfdwwm/wheels/28/c4/bd/79da125bfcaac9e7e0049cb886ff567573387bb20a4ff167f0
Successfully built semanticengine-ssm
